IP Upgrade report for DE0_NANO_G_Sensor
Wed May 01 11:42:19 2024
Quartus Prime Version 17.1.0 Build 590 10/25/2017 SJ Lite Edition


---------------------
; Table of Contents ;
---------------------
  1. Legal Notice
  2. IP Upgrade Summary
  3. Successfully Upgraded IP Components
  4. IP Upgrade Messages



----------------
; Legal Notice ;
----------------
Copyright (C) 2017  Intel Corporation. All rights reserved.
Your use of Intel Corporation's design tools, logic functions 
and other software and tools, and its AMPP partner logic 
functions, and any output files from any of the foregoing 
(including device programming or simulation files), and any 
associated documentation or information are expressly subject 
to the terms and conditions of the Intel Program License 
Subscription Agreement, the Intel Quartus Prime License Agreement,
the Intel FPGA IP License Agreement, or other applicable license
agreement, including, without limitation, that your use is for
the sole purpose of programming logic devices manufactured by
Intel and sold by Intel or its authorized distributors.  Please
refer to the applicable agreement for further details.



+----------------------------------------------------------------------------+
; IP Upgrade Summary                                                         ;
+------------------------------+---------------------------------------------+
; IP Components Upgrade Status ; Passed - Wed May 01 11:42:19 2024           ;
; Quartus Prime Version        ; 17.1.0 Build 590 10/25/2017 SJ Lite Edition ;
; Revision Name                ; DE0_NANO_G_Sensor                           ;
; Top-level Entity Name        ; DE0_NANO_G_Sensor                           ;
; Family                       ; Cyclone IV E                                ;
+------------------------------+---------------------------------------------+


+------------------------------------------------------------------------------------------------------------------+
; Successfully Upgraded IP Components                                                                              ;
+-------------+----------------+---------+----------------------+----------------------+-----------------+---------+
; Entity Name ; Component Name ; Version ; Original Source File ; Generation File Path ; New Source File ; Message ;
+-------------+----------------+---------+----------------------+----------------------+-----------------+---------+
; spipll      ; ALTPLL         ; 13.0    ; v/spipll.qip         ; v/spipll.v           ; v/spipll.qip    ;         ;
+-------------+----------------+---------+----------------------+----------------------+-----------------+---------+


+---------------------+
; IP Upgrade Messages ;
+---------------------+
Info (11902): Backing up file "v/spipll.v" to "v/spipll.BAK.v"
Info (11837): Started upgrading IP component ALTPLL with file "v/spipll.v"
Info (11131): Completed upgrading IP component ALTPLL with file "v/spipll.v"
Info (23030): Evaluation of Tcl script d:/intelfpga_lite/17.1/quartus/common/tcl/internal/ip_regen/ip_regen.tcl was successful
Info: Quartus Prime Shell was successful. 0 errors, 0 warnings
    Info: Peak virtual memory: 4851 megabytes
    Info: Processing ended: Wed May 01 11:42:19 2024
    Info: Elapsed time: 00:00:13
    Info: Total CPU time (on all processors): 00:00:26


